<?xml version="1.0" encoding="UTF-8"?>
<testng-results skipped="0" failed="0" ignored="0" total="1" passed="1">
  <reporter-output>
  </reporter-output>
  <suite name="Default suite" duration-ms="51840" started-at="2020-06-19T03:58:11Z" finished-at="2020-06-19T03:59:03Z">
    <groups>
    </groups>
    <test name="Default test" duration-ms="51840" started-at="2020-06-19T03:58:11Z" finished-at="2020-06-19T03:59:03Z">
      <class name="com.actitime.testscript.CustomerTest">
        <test-method status="PASS" signature="openBrowser()[pri:0, instance:com.actitime.testscript.CustomerTest@29ee9faa]" name="openBrowser" is-config="true" duration-ms="6675" started-at="2020-06-19T09:28:11Z" finished-at="2020-06-19T09:28:17Z">
          <reporter-output>
          </reporter-output>
        </test-method> <!-- openBrowser -->
        <test-method status="PASS" signature="loginApp()[pri:0, instance:com.actitime.testscript.CustomerTest@29ee9faa]" name="loginApp" is-config="true" duration-ms="11448" started-at="2020-06-19T09:28:17Z" finished-at="2020-06-19T09:28:29Z">
          <reporter-output>
          </reporter-output>
        </test-method> <!-- loginApp -->
        <test-method status="PASS" signature="testCreateCustomer()[pri:0, instance:com.actitime.testscript.CustomerTest@29ee9faa]" name="testCreateCustomer" duration-ms="21187" started-at="2020-06-19T09:28:29Z" finished-at="2020-06-19T09:28:50Z">
          <reporter-output>
          </reporter-output>
        </test-method> <!-- testCreateCustomer -->
        <test-method status="PASS" signature="logoutApp()[pri:0, instance:com.actitime.testscript.CustomerTest@29ee9faa]" name="logoutApp" is-config="true" duration-ms="8284" started-at="2020-06-19T09:28:50Z" finished-at="2020-06-19T09:28:58Z">
          <reporter-output>
          </reporter-output>
        </test-method> <!-- logoutApp -->
        <test-method status="PASS" signature="closeBrowser()[pri:0, instance:com.actitime.testscript.CustomerTest@29ee9faa]" name="closeBrowser" is-config="true" duration-ms="4206" started-at="2020-06-19T09:28:58Z" finished-at="2020-06-19T09:29:03Z">
          <reporter-output>
          </reporter-output>
        </test-method> <!-- closeBrowser -->
      </class> <!-- com.actitime.testscript.CustomerTest -->
    </test> <!-- Default test -->
  </suite> <!-- Default suite -->
</testng-results>
